# JRE version: Java(TM) SE Runtime Environment (8.0_251-b08) (build 1.8.0_251-b08)
# Java VM: Java HotSpot(TM) 64-Bit Server VM (25.251-b08 mixed mode windows-amd64 compressed oops)
Heap:
 PSYoungGen      total 261632K, used 23612K [0x00000000d5d00000, 0x00000000e6a00000, 0x0000000100000000)
  eden space 247808K, 9% used [0x00000000d5d00000,0x00000000d740f338,0x00000000e4f00000)
  from space 13824K, 0% used [0x00000000e4f00000,0x00000000e4f00000,0x00000000e5c80000)
  to   space 11776K, 0% used [0x00000000e5e80000,0x00000000e5e80000,0x00000000e6a00000)
 ParOldGen       total 45568K, used 20265K [0x0000000081600000, 0x0000000084280000, 0x00000000d5d00000)
  object space 45568K, 44% used [0x0000000081600000,0x00000000829ca530,0x0000000084280000)
 Metaspace       used 44703K, capacity 46664K, committed 47104K, reserved 1093632K
  class space    used 6272K, capacity 6654K, committed 6656K, reserved 1048576K
GC Heap History (10 events):
Event: 5.378 GC heap before
{Heap before GC invocations=8 (full 1):
 PSYoungGen      total 142336K, used 133120K [0x00000000d5d00000, 0x00000000df200000, 0x0000000100000000)
  eden space 133120K, 100% used [0x00000000d5d00000,0x00000000ddf00000,0x00000000ddf00000)
  from space 9216K, 0% used [0x00000000de900000,0x00000000de900000,0x00000000df200000)
  to   space 9728K, 0% used [0x00000000ddf00000,0x00000000ddf00000,0x00000000de880000)
 ParOldGen       total 45568K, used 5502K [0x0000000081600000, 0x0000000084280000, 0x00000000d5d00000)
  object space 45568K, 12% used [0x0000000081600000,0x0000000081b5f888,0x0000000084280000)
 Metaspace       used 28951K, capacity 30678K, committed 30848K, reserved 1075200K
  class space    used 4047K, capacity 4376K, committed 4480K, reserved 1048576K
Event: 5.397 GC heap after
Heap after GC invocations=8 (full 1):
 PSYoungGen      total 142848K, used 9703K [0x00000000d5d00000, 0x00000000e6b00000, 0x0000000100000000)
  eden space 133120K, 0% used [0x00000000d5d00000,0x00000000d5d00000,0x00000000ddf00000)
  from space 9728K, 99% used [0x00000000ddf00000,0x00000000de879ec8,0x00000000de880000)
  to   space 12800K, 0% used [0x00000000e5e80000,0x00000000e5e80000,0x00000000e6b00000)
 ParOldGen       total 45568K, used 8621K [0x0000000081600000, 0x0000000084280000, 0x00000000d5d00000)
  object space 45568K, 18% used [0x0000000081600000,0x0000000081e6b468,0x0000000084280000)
 Metaspace       used 28951K, capacity 30678K, committed 30848K, reserved 1075200K
  class space    used 4047K, capacity 4376K, committed 4480K, reserved 1048576K
}
Event: 6.307 GC heap before
{Heap before GC invocations=9 (full 1):
 PSYoungGen      total 142848K, used 126611K [0x00000000d5d00000, 0x00000000e6b00000, 0x0000000100000000)
  eden space 133120K, 87% used [0x00000000d5d00000,0x00000000dcf2ad88,0x00000000ddf00000)
  from space 9728K, 99% used [0x00000000ddf00000,0x00000000de879ec8,0x00000000de880000)
  to   space 12800K, 0% used [0x00000000e5e80000,0x00000000e5e80000,0x00000000e6b00000)
 ParOldGen       total 45568K, used 8621K [0x0000000081600000, 0x0000000084280000, 0x00000000d5d00000)
  object space 45568K, 18% used [0x0000000081600000,0x0000000081e6b468,0x0000000084280000)
 Metaspace       used 33591K, capacity 35390K, committed 35416K, reserved 1079296K
  class space    used 4504K, capacity 4862K, committed 4864K, reserved 1048576K
Event: 6.329 GC heap after
Heap after GC invocations=9 (full 1):
 PSYoungGen      total 259584K, used 10792K [0x00000000d5d00000, 0x00000000e6a00000, 0x0000000100000000)
  eden space 247808K, 0% used [0x00000000d5d00000,0x00000000d5d00000,0x00000000e4f00000)
  from space 11776K, 91% used [0x00000000e5e80000,0x00000000e690a2e8,0x00000000e6a00000)
  to   space 13824K, 0% used [0x00000000e4f00000,0x00000000e4f00000,0x00000000e5c80000)
 ParOldGen       total 45568K, used 8629K [0x0000000081600000, 0x0000000084280000, 0x00000000d5d00000)
  object space 45568K, 18% used [0x0000000081600000,0x0000000081e6d468,0x0000000084280000)
 Metaspace       used 33591K, capacity 35390K, committed 35416K, reserved 1079296K
  class space    used 4504K, capacity 4862K, committed 4864K, reserved 1048576K
}
Event: 6.329 GC heap before
{Heap before GC invocations=10 (full 2):
 PSYoungGen      total 259584K, used 10792K [0x00000000d5d00000, 0x00000000e6a00000, 0x0000000100000000)
  eden space 247808K, 0% used [0x00000000d5d00000,0x00000000d5d00000,0x00000000e4f00000)
  from space 11776K, 91% used [0x00000000e5e80000,0x00000000e690a2e8,0x00000000e6a00000)
  to   space 13824K, 0% used [0x00000000e4f00000,0x00000000e4f00000,0x00000000e5c80000)
 ParOldGen       total 45568K, used 8629K [0x0000000081600000, 0x0000000084280000, 0x00000000d5d00000)
  object space 45568K, 18% used [0x0000000081600000,0x0000000081e6d468,0x0000000084280000)
 Metaspace       used 33591K, capacity 35390K, committed 35416K, reserved 1079296K
  class space    used 4504K, capacity 4862K, committed 4864K, reserved 1048576K
Event: 6.394 GC heap after
Heap after GC invocations=10 (full 2):
 PSYoungGen      total 259584K, used 0K [0x00000000d5d00000, 0x00000000e6a00000, 0x0000000100000000)
  eden space 247808K, 0% used [0x00000000d5d00000,0x00000000d5d00000,0x00000000e4f00000)
  from space 11776K, 0% used [0x00000000e5e80000,0x00000000e5e80000,0x00000000e6a00000)
  to   space 13824K, 0% used [0x00000000e4f00000,0x00000000e4f00000,0x00000000e5c80000)
 ParOldGen       total 45568K, used 15962K [0x0000000081600000, 0x0000000084280000, 0x00000000d5d00000)
  object space 45568K, 35% used [0x0000000081600000,0x0000000082596ad8,0x0000000084280000)
 Metaspace       used 33591K, capacity 35390K, committed 35416K, reserved 1079296K
  class space    used 4504K, capacity 4862K, committed 4864K, reserved 1048576K
}
Event: 8.990 GC heap before
{Heap before GC invocations=11 (full 2):
 PSYoungGen      total 259584K, used 61165K [0x00000000d5d00000, 0x00000000e6a00000, 0x0000000100000000)
  eden space 247808K, 24% used [0x00000000d5d00000,0x00000000d98bb6b8,0x00000000e4f00000)
  from space 11776K, 0% used [0x00000000e5e80000,0x00000000e5e80000,0x00000000e6a00000)
  to   space 13824K, 0% used [0x00000000e4f00000,0x00000000e4f00000,0x00000000e5c80000)
 ParOldGen       total 45568K, used 15962K [0x0000000081600000, 0x0000000084280000, 0x00000000d5d00000)
  object space 45568K, 35% used [0x0000000081600000,0x0000000082596ad8,0x0000000084280000)
 Metaspace       used 41945K, capacity 43844K, committed 44032K, reserved 1091584K
  class space    used 5782K, capacity 6127K, committed 6144K, reserved 1048576K
Event: 9.004 GC heap after
Heap after GC invocations=11 (full 2):
 PSYoungGen      total 261632K, used 8546K [0x00000000d5d00000, 0x00000000e6a00000, 0x0000000100000000)
  eden space 247808K, 0% used [0x00000000d5d00000,0x00000000d5d00000,0x00000000e4f00000)
  from space 13824K, 61% used [0x00000000e4f00000,0x00000000e57589a0,0x00000000e5c80000)
  to   space 11776K, 0% used [0x00000000e5e80000,0x00000000e5e80000,0x00000000e6a00000)
 ParOldGen       total 45568K, used 15970K [0x0000000081600000, 0x0000000084280000, 0x00000000d5d00000)
  object space 45568K, 35% used [0x0000000081600000,0x0000000082598ad8,0x0000000084280000)
 Metaspace       used 41945K, capacity 43844K, committed 44032K, reserved 1091584K
  class space    used 5782K, capacity 6127K, committed 6144K, reserved 1048576K
}
Event: 9.004 GC heap before
{Heap before GC invocations=12 (full 3):
 PSYoungGen      total 261632K, used 8546K [0x00000000d5d00000, 0x00000000e6a00000, 0x0000000100000000)
  eden space 247808K, 0% used [0x00000000d5d00000,0x00000000d5d00000,0x00000000e4f00000)
  from space 13824K, 61% used [0x00000000e4f00000,0x00000000e57589a0,0x00000000e5c80000)
  to   space 11776K, 0% used [0x00000000e5e80000,0x00000000e5e80000,0x00000000e6a00000)
 ParOldGen       total 45568K, used 15970K [0x0000000081600000, 0x0000000084280000, 0x00000000d5d00000)
  object space 45568K, 35% used [0x0000000081600000,0x0000000082598ad8,0x0000000084280000)
 Metaspace       used 41945K, capacity 43844K, committed 44032K, reserved 1091584K
  class space    used 5782K, capacity 6127K, committed 6144K, reserved 1048576K
Event: 9.203 GC heap after
Heap after GC invocations=12 (full 3):
 PSYoungGen      total 261632K, used 0K [0x00000000d5d00000, 0x00000000e6a00000, 0x0000000100000000)
  eden space 247808K, 0% used [0x00000000d5d00000,0x00000000d5d00000,0x00000000e4f00000)
  from space 13824K, 0% used [0x00000000e4f00000,0x00000000e4f00000,0x00000000e5c80000)
  to   space 11776K, 0% used [0x00000000e5e80000,0x00000000e5e80000,0x00000000e6a00000)
 ParOldGen       total 45568K, used 20265K [0x0000000081600000, 0x0000000084280000, 0x00000000d5d00000)
  object space 45568K, 44% used [0x0000000081600000,0x00000000829ca530,0x0000000084280000)
 Metaspace       used 41945K, capacity 43844K, committed 44032K, reserved 1089536K
  class space    used 5782K, capacity 6127K, committed 6144K, reserved 1048576K
}

